<?xml version="1.0" encoding="UTF-8"?>
<!-- Generated by org.testng.reporters.JUnitXMLReporter -->
<testsuite ignored="0" hostname="N-Hagans-MacBook-Pro.local" failures="0" tests="1" name="Test" time="0.018" errors="0" timestamp="2024-12-06T14:27:11 ICT">
  <testcase classname="common.BaseCaseTest" name="@BeforeMethod beforeMethod" time="0.002">
    <failure type="java.lang.NullPointerException" message="Cannot invoke &amp;quot;driver.DriverProperties.setMethodName(String)&amp;quot; because &amp;quot;common.BaseCaseTest.driverProperties&amp;quot; is null">
      <![CDATA[java.lang.NullPointerException: Cannot invoke "driver.DriverProperties.setMethodName(String)" because "common.BaseCaseTest.driverProperties" is null
at common.BaseCaseTest.beforeMethod(BaseCaseTest.java:49)
at java.base/java.util.ArrayList.forEach(ArrayList.java:1597)
at com.intellij.rt.testng.IDEARemoteTestNG.run(IDEARemoteTestNG.java:65)
at com.intellij.rt.testng.RemoteTestNGStarter.main(RemoteTestNGStarter.java:105)
... Removed 26 stack frames]]>
    </failure>
  </testcase> <!-- @BeforeMethod beforeMethod -->
  <testcase classname="common.BaseCaseTest" name="@AfterMethod afterMethod" time="0.004">
    <failure type="java.lang.NullPointerException" message="Cannot invoke &amp;quot;driver.Driver.getWebDriver()&amp;quot; because the return value of &amp;quot;driver.DriverManager.getDriver()&amp;quot; is null">
      <![CDATA[java.lang.NullPointerException: Cannot invoke "driver.Driver.getWebDriver()" because the return value of "driver.DriverManager.getDriver()" is null
at common.BaseCaseTest.afterMethod(BaseCaseTest.java:67)
at java.base/java.util.ArrayList.forEach(ArrayList.java:1597)
at com.intellij.rt.testng.IDEARemoteTestNG.run(IDEARemoteTestNG.java:65)
at com.intellij.rt.testng.RemoteTestNGStarter.main(RemoteTestNGStarter.java:105)
... Removed 27 stack frames]]>
    </failure>
  </testcase> <!-- @AfterMethod afterMethod -->
  <testcase classname="test.CheckTest" name="Check_Test_Vic_Club" time="0.0">
    <skipped/>
  </testcase> <!-- Check_Test_Vic_Club -->
</testsuite> <!-- Test -->
